<?xml version="1.0" encoding="UTF-8"?>
<!-- Generated by org.testng.reporters.JUnitXMLReporter -->
<testsuite ignored="0" hostname="C152" failures="0" tests="14" name="Test" time="332.981" errors="0" timestamp="2023-12-15T11:57:09 IST">
  <testcase classname="VEC_BaseClass.BASE_CLASS" name="@AfterMethod tearDown" time="0.06">
    <failure type="org.openqa.selenium.UnhandledAlertException" message="unexpected alert open: {Alert text : Are you sure you wish to add order?}
  (Session info: chrome=120.0.6099.109): Are you sure you wish to add order?
Build info: version: &amp;apos;4.14.1&amp;apos;, revision: &amp;apos;03f8ede370&amp;apos;
System info: os.name: &amp;apos;Windows 10&amp;apos;, os.arch: &amp;apos;amd64&amp;apos;, os.version: &amp;apos;10.0&amp;apos;, java.version: &amp;apos;17.0.4.1&amp;apos;
Driver info: org.openqa.selenium.chrome.ChromeDriver
Command: [4d0af6fc54d15d16e6ef2c0259527b88, close {}]
Capabilities {acceptInsecureCerts: false, browserName: chrome, browserVersion: 120.0.6099.109, chrome: {chromedriverVersion: 120.0.6099.71 (9729082fe617..., userDataDir: C:\Users\sviraj\AppData\Loc...}, fedcm:accounts: true, goog:chromeOptions: {debuggerAddress: localhost:52341}, networkConnectionEnabled: false, pageLoadStrategy: normal, platformName: windows, proxy: Proxy(), se:cdp: ws://localhost:52341/devtoo..., se:cdpVersion: 120.0.6099.109, setWindowRect: true, strictFileInteractability: false, timeouts: {implicit: 0, pageLoad: 300000, script: 30000}, unhandledPromptBehavior: dismiss and notify, webauthn:extension:credBlob: true, webauthn:extension:largeBlob: true, webauthn:extension:minPinLength: true, webauthn:extension:prf: true, webauthn:virtualAuthenticators: true}
Session ID: 4d0af6fc54d15d16e6ef2c0259527b88">
      <![CDATA[org.openqa.selenium.UnhandledAlertException: unexpected alert open: {Alert text : Are you sure you wish to add order?}
  (Session info: chrome=120.0.6099.109): Are you sure you wish to add order?
Build info: version: '4.14.1', revision: '03f8ede370'
System info: os.name: 'Windows 10', os.arch: 'amd64', os.version: '10.0', java.version: '17.0.4.1'
Driver info: org.openqa.selenium.chrome.ChromeDriver
Command: [4d0af6fc54d15d16e6ef2c0259527b88, close {}]
Capabilities {acceptInsecureCerts: false, browserName: chrome, browserVersion: 120.0.6099.109, chrome: {chromedriverVersion: 120.0.6099.71 (9729082fe617..., userDataDir: C:\Users\sviraj\AppData\Loc...}, fedcm:accounts: true, goog:chromeOptions: {debuggerAddress: localhost:52341}, networkConnectionEnabled: false, pageLoadStrategy: normal, platformName: windows, proxy: Proxy(), se:cdp: ws://localhost:52341/devtoo..., se:cdpVersion: 120.0.6099.109, setWindowRect: true, strictFileInteractability: false, timeouts: {implicit: 0, pageLoad: 300000, script: 30000}, unhandledPromptBehavior: dismiss and notify, webauthn:extension:credBlob: true, webauthn:extension:largeBlob: true, webauthn:extension:minPinLength: true, webauthn:extension:prf: true, webauthn:virtualAuthenticators: true}
Session ID: 4d0af6fc54d15d16e6ef2c0259527b88
at org.openqa.selenium.remote.codec.w3c.W3CHttpResponseCodec.decode(W3CHttpResponseCodec.java:131)
at org.openqa.selenium.remote.codec.w3c.W3CHttpResponseCodec.decode(W3CHttpResponseCodec.java:52)
at org.openqa.selenium.remote.HttpCommandExecutor.execute(HttpCommandExecutor.java:191)
at org.openqa.selenium.remote.service.DriverCommandExecutor.invokeExecute(DriverCommandExecutor.java:200)
at org.openqa.selenium.remote.service.DriverCommandExecutor.execute(DriverCommandExecutor.java:175)
at org.openqa.selenium.remote.RemoteWebDriver.execute(RemoteWebDriver.java:602)
at org.openqa.selenium.remote.RemoteWebDriver.execute(RemoteWebDriver.java:675)
at org.openqa.selenium.remote.RemoteWebDriver.execute(RemoteWebDriver.java:679)
at org.openqa.selenium.remote.RemoteWebDriver.close(RemoteWebDriver.java:409)
at VEC_BaseClass.BASE_CLASS.tearDown(BASE_CLASS.java:36)
at java.base/java.util.ArrayList.forEach(ArrayList.java:1511)
... Removed 32 stack frames]]>
    </failure>
  </testcase> <!-- @AfterMethod tearDown -->
  <testcase classname="VEC_BaseClass.BASE_CLASS" name="@AfterMethod tearDown" time="0.0">
    <skipped/>
  </testcase> <!-- @AfterMethod tearDown -->
  <testcase classname="EC_TestCase.LoginPage" name="validLogin" time="12.245"/>
  <testcase classname="EC_TestCase.TC_Dashboard" name="validLogin" time="9.98"/>
  <testcase classname="EC_TestCase.TC_Project" name="Project" time="8.988"/>
  <testcase classname="EC_TestCase.TC_Marketing" name="Project" time="11.449"/>
  <testcase classname="EC_TestCase.TC_badges" name="Badges" time="7.297"/>
  <testcase classname="EC_TestCase.TC_badges" name="Contribution" time="22.185"/>
  <testcase classname="EC_TestCase.TC_badges" name="Badges2" time="10.026"/>
  <testcase classname="EC_TestCase.TC_badges" name="Endorse" time="12.376"/>
  <testcase classname="EC_TestCase.TC_Support" name="Support" time="29.756"/>
  <testcase classname="EC_TestCase.TC_TimeSheet" name="TimeSheet" time="39.614"/>
  <testcase classname="EC_TestCase.TC_TimeSheet" name="TimeSheet1" time="52.17"/>
  <testcase classname="EC_TestCase.TC_Library_Snacks" name="Library" time="23.332"/>
  <testcase classname="EC_TestCase.TC_Library_Snacks" name="My_order" time="0.0">
    <skipped/>
  </testcase> <!-- My_order -->
  <testcase classname="EC_TestCase.TC_myprofile" name="Profile" time="42.51"/>
</testsuite> <!-- Test -->
