<?xml version="1.0" encoding="UTF-8"?>
<!-- Generated by org.testng.reporters.JUnitXMLReporter -->
<testsuite ignored="0" hostname="C152" failures="0" tests="11" name="Test" time="114.785" errors="0" timestamp="2024-01-01T15:37:03 IST">
  <testcase classname="VEC_BaseClass.BASE_CLASS" name="@BeforeMethod lanuchWebsite" time="1.685">
    <failure type="org.openqa.selenium.WebDriverException" message="no such execution context
  (Session info: chrome=120.0.6099.130)
Build info: version: &amp;apos;4.16.1&amp;apos;, revision: &amp;apos;9b4c83354e&amp;apos;
System info: os.name: &amp;apos;Windows 10&amp;apos;, os.arch: &amp;apos;amd64&amp;apos;, os.version: &amp;apos;10.0&amp;apos;, java.version: &amp;apos;17.0.4.1&amp;apos;
Driver info: org.openqa.selenium.chrome.ChromeDriver
Command: [13c0ae5234c29017e45573e4f5a8cba2, maximizeCurrentWindow {}]
Capabilities {acceptInsecureCerts: false, browserName: chrome, browserVersion: 120.0.6099.130, chrome: {chromedriverVersion: 120.0.6099.109 (3419140ab66..., userDataDir: C:\Users\sviraj\AppData\Loc...}, fedcm:accounts: true, goog:chromeOptions: {debuggerAddress: localhost:55639}, networkConnectionEnabled: false, pageLoadStrategy: normal, platformName: windows, proxy: Proxy(), se:cdp: ws://localhost:55639/devtoo..., se:cdpVersion: 120.0.6099.130, setWindowRect: true, strictFileInteractability: false, timeouts: {implicit: 0, pageLoad: 300000, script: 30000}, unhandledPromptBehavior: dismiss and notify, webauthn:extension:credBlob: true, webauthn:extension:largeBlob: true, webauthn:extension:minPinLength: true, webauthn:extension:prf: true, webauthn:virtualAuthenticators: true}
Session ID: 13c0ae5234c29017e45573e4f5a8cba2">
      <![CDATA[org.openqa.selenium.WebDriverException: no such execution context
  (Session info: chrome=120.0.6099.130)
Build info: version: '4.16.1', revision: '9b4c83354e'
System info: os.name: 'Windows 10', os.arch: 'amd64', os.version: '10.0', java.version: '17.0.4.1'
Driver info: org.openqa.selenium.chrome.ChromeDriver
Command: [13c0ae5234c29017e45573e4f5a8cba2, maximizeCurrentWindow {}]
Capabilities {acceptInsecureCerts: false, browserName: chrome, browserVersion: 120.0.6099.130, chrome: {chromedriverVersion: 120.0.6099.109 (3419140ab66..., userDataDir: C:\Users\sviraj\AppData\Loc...}, fedcm:accounts: true, goog:chromeOptions: {debuggerAddress: localhost:55639}, networkConnectionEnabled: false, pageLoadStrategy: normal, platformName: windows, proxy: Proxy(), se:cdp: ws://localhost:55639/devtoo..., se:cdpVersion: 120.0.6099.130, setWindowRect: true, strictFileInteractability: false, timeouts: {implicit: 0, pageLoad: 300000, script: 30000}, unhandledPromptBehavior: dismiss and notify, webauthn:extension:credBlob: true, webauthn:extension:largeBlob: true, webauthn:extension:minPinLength: true, webauthn:extension:prf: true, webauthn:virtualAuthenticators: true}
Session ID: 13c0ae5234c29017e45573e4f5a8cba2
at org.openqa.selenium.remote.codec.w3c.W3CHttpResponseCodec.createException(W3CHttpResponseCodec.java:200)
at org.openqa.selenium.remote.codec.w3c.W3CHttpResponseCodec.decode(W3CHttpResponseCodec.java:133)
at org.openqa.selenium.remote.codec.w3c.W3CHttpResponseCodec.decode(W3CHttpResponseCodec.java:52)
at org.openqa.selenium.remote.HttpCommandExecutor.execute(HttpCommandExecutor.java:191)
at org.openqa.selenium.remote.service.DriverCommandExecutor.invokeExecute(DriverCommandExecutor.java:200)
at org.openqa.selenium.remote.service.DriverCommandExecutor.execute(DriverCommandExecutor.java:175)
at org.openqa.selenium.remote.RemoteWebDriver.execute(RemoteWebDriver.java:523)
at org.openqa.selenium.remote.RemoteWebDriver.execute(RemoteWebDriver.java:596)
at org.openqa.selenium.remote.RemoteWebDriver.execute(RemoteWebDriver.java:600)
at org.openqa.selenium.remote.RemoteWebDriver$RemoteWebDriverOptions$RemoteWindow.maximize(RemoteWebDriver.java:1039)
at VEC_BaseClass.BASE_CLASS.invokeDriver(BASE_CLASS.java:32)
at VEC_BaseClass.BASE_CLASS.lanuchWebsite(BASE_CLASS.java:39)
at java.base/java.util.ArrayList.forEach(ArrayList.java:1511)
... Removed 36 stack frames]]>
    </failure>
  </testcase> <!-- @BeforeMethod lanuchWebsite -->
  <testcase classname="VEC_BaseClass.BASE_CLASS" name="@AfterMethod pageObject" time="0.0">
    <skipped/>
  </testcase> <!-- @AfterMethod pageObject -->
  <testcase classname="EC_TestCase.LoginPage" name="validLogin" time="5.7"/>
  <testcase classname="EC_TestCase.TC_Dashboard" name="Dashboard" time="4.431"/>
  <testcase classname="EC_TestCase.TC_Project" name="Project" time="5.227"/>
  <testcase classname="EC_TestCase.TC_Marketing" name="Project" time="9.723"/>
  <testcase classname="EC_TestCase.TC_badges" name="Badges" time="22.117"/>
  <testcase classname="EC_TestCase.TC_Support" name="Support" time="0.0">
    <skipped/>
  </testcase> <!-- Support -->
  <testcase classname="EC_TestCase.TC_TimeSheet" name="TimeSheet" time="6.361"/>
  <testcase classname="EC_TestCase.TC_TimeSheet" name="TimeSheet1" time="13.951"/>
  <testcase classname="EC_TestCase.TC_Library_Snacks" name="Library" time="13.054"/>
  <testcase classname="EC_TestCase.TC_myprofile" name="Profile" time="7.193"/>
  <testcase classname="EC_TestCase.TC_Forgot_password" name="Forgot" time="1.718"/>
</testsuite> <!-- Test -->
