<?xml version="1.0" encoding="UTF-8"?>
<!-- Generated by org.testng.reporters.JUnitXMLReporter -->
<testsuite ignored="0" hostname="C152" failures="0" tests="11" name="Test" time="167.75" errors="0" timestamp="2024-01-02T18:39:47 IST">
  <testcase classname="EC_TestCase.LoginPage" name="validLogin" time="6.527"/>
  <testcase classname="EC_TestCase.TC_Dashboard" name="Dashboard" time="5.552"/>
  <testcase classname="EC_TestCase.TC_Project" name="Project" time="6.074"/>
  <testcase classname="EC_TestCase.TC_Marketing" name="Project" time="12.775"/>
  <testcase classname="EC_TestCase.TC_badges" name="Badges" time="27.806"/>
  <testcase classname="EC_TestCase.TC_Support" name="Support" time="11.043"/>
  <testcase classname="EC_TestCase.TC_TimeSheet" name="TimeSheet" time="8.366"/>
  <testcase classname="EC_TestCase.TC_TimeSheet" name="TimeSheet1" time="18.937"/>
  <testcase classname="EC_TestCase.TC_Library_Snacks" name="Library" time="14.496"/>
  <testcase classname="EC_TestCase.TC_myprofile" name="Profile" time="8.818"/>
  <testcase classname="EC_TestCase.TC_Forgot_password" name="Forgot" time="2.641"/>
</testsuite> <!-- Test -->
