<?xml version="1.0" encoding="UTF-8"?>
<testng-results ignored="0" total="1" passed="1" failed="0" skipped="0">
  <reporter-output>
  </reporter-output>
  <suite started-at="2024-01-02T16:00:01 IST" name="Suite" finished-at="2024-01-02T16:00:12 IST" duration-ms="11889">
    <groups>
    </groups>
    <test started-at="2024-01-02T16:00:01 IST" name="Test" finished-at="2024-01-02T16:00:12 IST" duration-ms="11889">
      <class name="EC_TestCase.LoginPage">
        <test-method is-config="true" signature="lanuchWebsite()[pri:0, instance:EC_TestCase.LoginPage@5890e879]" started-at="2024-01-02T16:00:01 IST" name="lanuchWebsite" finished-at="2024-01-02T16:00:06 IST" duration-ms="5175" status="PASS">
          <reporter-output>
          </reporter-output>
        </test-method> <!-- lanuchWebsite -->
        <test-method signature="validLogin()[pri:1, instance:EC_TestCase.LoginPage@5890e879]" started-at="2024-01-02T16:00:06 IST" name="validLogin" finished-at="2024-01-02T16:00:12 IST" duration-ms="6009" status="PASS">
          <reporter-output>
          </reporter-output>
        </test-method> <!-- validLogin -->
        <test-method is-config="true" signature="pageObject()[pri:0, instance:EC_TestCase.LoginPage@5890e879]" started-at="2024-01-02T16:00:12 IST" name="pageObject" finished-at="2024-01-02T16:00:12 IST" duration-ms="572" status="PASS">
          <reporter-output>
          </reporter-output>
        </test-method> <!-- pageObject -->
      </class> <!-- EC_TestCase.LoginPage -->
    </test> <!-- Test -->
  </suite> <!-- Suite -->
</testng-results>
