<?xml version="1.0" encoding="UTF-8"?>
<testng-results ignored="0" total="11" passed="11" failed="0" skipped="0">
  <reporter-output>
  </reporter-output>
  <suite started-at="2024-01-02T18:36:58 IST" name="Suite" finished-at="2024-01-02T18:39:46 IST" duration-ms="167750">
    <groups>
    </groups>
    <test started-at="2024-01-02T18:36:58 IST" name="Test" finished-at="2024-01-02T18:39:46 IST" duration-ms="167750">
      <class name="EC_TestCase.TC_Dashboard">
        <test-method is-config="true" signature="lanuchWebsite()[pri:0, instance:EC_TestCase.TC_Dashboard@3de8f619]" started-at="2024-01-02T18:37:12 IST" name="lanuchWebsite" finished-at="2024-01-02T18:37:15 IST" duration-ms="2884" status="PASS">
          <reporter-output>
          </reporter-output>
        </test-method> <!-- lanuchWebsite -->
        <test-method signature="Dashboard()[pri:1, instance:EC_TestCase.TC_Dashboard@3de8f619]" started-at="2024-01-02T18:37:15 IST" name="Dashboard" finished-at="2024-01-02T18:37:21 IST" duration-ms="5552" status="PASS">
          <reporter-output>
          </reporter-output>
        </test-method> <!-- Dashboard -->
        <test-method is-config="true" signature="pageObject()[pri:0, instance:EC_TestCase.TC_Dashboard@3de8f619]" started-at="2024-01-02T18:37:21 IST" name="pageObject" finished-at="2024-01-02T18:37:22 IST" duration-ms="916" status="PASS">
          <reporter-output>
          </reporter-output>
        </test-method> <!-- pageObject -->
      </class> <!-- EC_TestCase.TC_Dashboard -->
      <class name="EC_TestCase.TC_badges">
        <test-method is-config="true" signature="lanuchWebsite()[pri:0, instance:EC_TestCase.TC_badges@eadd4fb]" started-at="2024-01-02T18:37:48 IST" name="lanuchWebsite" finished-at="2024-01-02T18:37:51 IST" duration-ms="3505" status="PASS">
          <reporter-output>
          </reporter-output>
        </test-method> <!-- lanuchWebsite -->
        <test-method signature="Badges()[pri:1, instance:EC_TestCase.TC_badges@eadd4fb]" started-at="2024-01-02T18:37:51 IST" name="Badges" finished-at="2024-01-02T18:38:19 IST" duration-ms="27806" status="PASS">
          <reporter-output>
          </reporter-output>
        </test-method> <!-- Badges -->
        <test-method is-config="true" signature="pageObject()[pri:0, instance:EC_TestCase.TC_badges@eadd4fb]" started-at="2024-01-02T18:38:19 IST" name="pageObject" finished-at="2024-01-02T18:38:20 IST" duration-ms="980" status="PASS">
          <reporter-output>
          </reporter-output>
        </test-method> <!-- pageObject -->
      </class> <!-- EC_TestCase.TC_badges -->
      <class name="EC_TestCase.TC_Forgot_password">
        <test-method is-config="true" signature="lanuchWebsite()[pri:0, instance:EC_TestCase.TC_Forgot_password@2a8448fa]" started-at="2024-01-02T18:39:40 IST" name="lanuchWebsite" finished-at="2024-01-02T18:39:43 IST" duration-ms="2827" status="PASS">
          <reporter-output>
          </reporter-output>
        </test-method> <!-- lanuchWebsite -->
        <test-method signature="Forgot()[pri:1, instance:EC_TestCase.TC_Forgot_password@2a8448fa]" started-at="2024-01-02T18:39:43 IST" name="Forgot" finished-at="2024-01-02T18:39:45 IST" duration-ms="2641" status="PASS">
          <reporter-output>
          </reporter-output>
        </test-method> <!-- Forgot -->
        <test-method is-config="true" signature="pageObject()[pri:0, instance:EC_TestCase.TC_Forgot_password@2a8448fa]" started-at="2024-01-02T18:39:45 IST" name="pageObject" finished-at="2024-01-02T18:39:46 IST" duration-ms="751" status="PASS">
          <reporter-output>
          </reporter-output>
        </test-method> <!-- pageObject -->
      </class> <!-- EC_TestCase.TC_Forgot_password -->
      <class name="EC_TestCase.TC_Support">
        <test-method is-config="true" signature="lanuchWebsite()[pri:0, instance:EC_TestCase.TC_Support@740fb309]" started-at="2024-01-02T18:38:20 IST" name="lanuchWebsite" finished-at="2024-01-02T18:38:23 IST" duration-ms="2864" status="PASS">
          <reporter-output>
          </reporter-output>
        </test-method> <!-- lanuchWebsite -->
        <test-method signature="Support()[pri:1, instance:EC_TestCase.TC_Support@740fb309]" started-at="2024-01-02T18:38:23 IST" name="Support" finished-at="2024-01-02T18:38:34 IST" duration-ms="11043" status="PASS">
          <reporter-output>
          </reporter-output>
        </test-method> <!-- Support -->
        <test-method is-config="true" signature="pageObject()[pri:0, instance:EC_TestCase.TC_Support@740fb309]" started-at="2024-01-02T18:38:34 IST" name="pageObject" finished-at="2024-01-02T18:38:35 IST" duration-ms="756" status="PASS">
          <reporter-output>
          </reporter-output>
        </test-method> <!-- pageObject -->
      </class> <!-- EC_TestCase.TC_Support -->
      <class name="EC_TestCase.TC_TimeSheet">
        <test-method is-config="true" signature="lanuchWebsite()[pri:0, instance:EC_TestCase.TC_TimeSheet@7bd7d6d6]" started-at="2024-01-02T18:38:35 IST" name="lanuchWebsite" finished-at="2024-01-02T18:38:37 IST" duration-ms="2842" status="PASS">
          <reporter-output>
          </reporter-output>
        </test-method> <!-- lanuchWebsite -->
        <test-method signature="TimeSheet()[pri:1, instance:EC_TestCase.TC_TimeSheet@7bd7d6d6]" started-at="2024-01-02T18:38:37 IST" name="TimeSheet" finished-at="2024-01-02T18:38:46 IST" duration-ms="8366" status="PASS">
          <reporter-output>
          </reporter-output>
        </test-method> <!-- TimeSheet -->
        <test-method is-config="true" signature="pageObject()[pri:0, instance:EC_TestCase.TC_TimeSheet@7bd7d6d6]" started-at="2024-01-02T18:38:46 IST" name="pageObject" finished-at="2024-01-02T18:38:47 IST" duration-ms="988" status="PASS">
          <reporter-output>
          </reporter-output>
        </test-method> <!-- pageObject -->
        <test-method is-config="true" signature="lanuchWebsite()[pri:0, instance:EC_TestCase.TC_TimeSheet@7bd7d6d6]" started-at="2024-01-02T18:38:47 IST" name="lanuchWebsite" finished-at="2024-01-02T18:38:50 IST" duration-ms="2880" status="PASS">
          <reporter-output>
          </reporter-output>
        </test-method> <!-- lanuchWebsite -->
        <test-method signature="TimeSheet1()[pri:2, instance:EC_TestCase.TC_TimeSheet@7bd7d6d6]" started-at="2024-01-02T18:38:50 IST" name="TimeSheet1" finished-at="2024-01-02T18:39:09 IST" duration-ms="18937" status="PASS">
          <reporter-output>
          </reporter-output>
        </test-method> <!-- TimeSheet1 -->
        <test-method is-config="true" signature="pageObject()[pri:0, instance:EC_TestCase.TC_TimeSheet@7bd7d6d6]" started-at="2024-01-02T18:39:09 IST" name="pageObject" finished-at="2024-01-02T18:39:09 IST" duration-ms="480" status="PASS">
          <reporter-output>
          </reporter-output>
        </test-method> <!-- pageObject -->
      </class> <!-- EC_TestCase.TC_TimeSheet -->
      <class name="EC_TestCase.TC_myprofile">
        <test-method is-config="true" signature="lanuchWebsite()[pri:0, instance:EC_TestCase.TC_myprofile@239a307b]" started-at="2024-01-02T18:39:28 IST" name="lanuchWebsite" finished-at="2024-01-02T18:39:30 IST" duration-ms="2424" status="PASS">
          <reporter-output>
          </reporter-output>
        </test-method> <!-- lanuchWebsite -->
        <test-method signature="Profile()[pri:1, instance:EC_TestCase.TC_myprofile@239a307b]" started-at="2024-01-02T18:39:30 IST" name="Profile" finished-at="2024-01-02T18:39:39 IST" duration-ms="8818" status="PASS">
          <reporter-output>
          </reporter-output>
        </test-method> <!-- Profile -->
        <test-method is-config="true" signature="pageObject()[pri:0, instance:EC_TestCase.TC_myprofile@239a307b]" started-at="2024-01-02T18:39:39 IST" name="pageObject" finished-at="2024-01-02T18:39:40 IST" duration-ms="789" status="PASS">
          <reporter-output>
          </reporter-output>
        </test-method> <!-- pageObject -->
      </class> <!-- EC_TestCase.TC_myprofile -->
      <class name="EC_TestCase.TC_Marketing">
        <test-method is-config="true" signature="lanuchWebsite()[pri:0, instance:EC_TestCase.TC_Marketing@4e5ed836]" started-at="2024-01-02T18:37:32 IST" name="lanuchWebsite" finished-at="2024-01-02T18:37:34 IST" duration-ms="2241" status="PASS">
          <reporter-output>
          </reporter-output>
        </test-method> <!-- lanuchWebsite -->
        <test-method signature="Project()[pri:1, instance:EC_TestCase.TC_Marketing@4e5ed836]" started-at="2024-01-02T18:37:34 IST" name="Project" finished-at="2024-01-02T18:37:47 IST" duration-ms="12775" status="PASS">
          <reporter-output>
          </reporter-output>
        </test-method> <!-- Project -->
        <test-method is-config="true" signature="pageObject()[pri:0, instance:EC_TestCase.TC_Marketing@4e5ed836]" started-at="2024-01-02T18:37:47 IST" name="pageObject" finished-at="2024-01-02T18:37:48 IST" duration-ms="850" status="PASS">
          <reporter-output>
          </reporter-output>
        </test-method> <!-- pageObject -->
      </class> <!-- EC_TestCase.TC_Marketing -->
      <class name="EC_TestCase.LoginPage">
        <test-method is-config="true" signature="lanuchWebsite()[pri:0, instance:EC_TestCase.LoginPage@19932c16]" started-at="2024-01-02T18:36:58 IST" name="lanuchWebsite" finished-at="2024-01-02T18:37:05 IST" duration-ms="6083" status="PASS">
          <reporter-output>
          </reporter-output>
        </test-method> <!-- lanuchWebsite -->
        <test-method signature="validLogin()[pri:1, instance:EC_TestCase.LoginPage@19932c16]" started-at="2024-01-02T18:37:05 IST" name="validLogin" finished-at="2024-01-02T18:37:11 IST" duration-ms="6527" status="PASS">
          <reporter-output>
          </reporter-output>
        </test-method> <!-- validLogin -->
        <test-method is-config="true" signature="pageObject()[pri:0, instance:EC_TestCase.LoginPage@19932c16]" started-at="2024-01-02T18:37:11 IST" name="pageObject" finished-at="2024-01-02T18:37:12 IST" duration-ms="1077" status="PASS">
          <reporter-output>
          </reporter-output>
        </test-method> <!-- pageObject -->
      </class> <!-- EC_TestCase.LoginPage -->
      <class name="EC_TestCase.TC_Library_Snacks">
        <test-method is-config="true" signature="lanuchWebsite()[pri:0, instance:EC_TestCase.TC_Library_Snacks@43f02ef2]" started-at="2024-01-02T18:39:09 IST" name="lanuchWebsite" finished-at="2024-01-02T18:39:12 IST" duration-ms="2956" status="PASS">
          <reporter-output>
          </reporter-output>
        </test-method> <!-- lanuchWebsite -->
        <test-method signature="Library()[pri:1, instance:EC_TestCase.TC_Library_Snacks@43f02ef2]" started-at="2024-01-02T18:39:12 IST" name="Library" finished-at="2024-01-02T18:39:27 IST" duration-ms="14496" status="PASS">
          <reporter-output>
          </reporter-output>
        </test-method> <!-- Library -->
        <test-method is-config="true" signature="pageObject()[pri:0, instance:EC_TestCase.TC_Library_Snacks@43f02ef2]" started-at="2024-01-02T18:39:27 IST" name="pageObject" finished-at="2024-01-02T18:39:28 IST" duration-ms="1246" status="PASS">
          <reporter-output>
          </reporter-output>
        </test-method> <!-- pageObject -->
      </class> <!-- EC_TestCase.TC_Library_Snacks -->
      <class name="EC_TestCase.TC_Project">
        <test-method is-config="true" signature="lanuchWebsite()[pri:0, instance:EC_TestCase.TC_Project@2ab4bc72]" started-at="2024-01-02T18:37:22 IST" name="lanuchWebsite" finished-at="2024-01-02T18:37:25 IST" duration-ms="3371" status="PASS">
          <reporter-output>
          </reporter-output>
        </test-method> <!-- lanuchWebsite -->
        <test-method signature="Project()[pri:1, instance:EC_TestCase.TC_Project@2ab4bc72]" started-at="2024-01-02T18:37:25 IST" name="Project" finished-at="2024-01-02T18:37:31 IST" duration-ms="6074" status="PASS">
          <reporter-output>
          </reporter-output>
        </test-method> <!-- Project -->
        <test-method is-config="true" signature="pageObject()[pri:0, instance:EC_TestCase.TC_Project@2ab4bc72]" started-at="2024-01-02T18:37:31 IST" name="pageObject" finished-at="2024-01-02T18:37:32 IST" duration-ms="810" status="PASS">
          <reporter-output>
          </reporter-output>
        </test-method> <!-- pageObject -->
      </class> <!-- EC_TestCase.TC_Project -->
    </test> <!-- Test -->
  </suite> <!-- Suite -->
</testng-results>
