<?xml version="1.0" encoding="UTF-8"?>
<testng-results ignored="1" total="2" passed="1" failed="0" skipped="0">
  <reporter-output>
  </reporter-output>
  <suite started-at="2024-01-05T18:19:07 IST" name="Default suite" finished-at="2024-01-05T18:19:24 IST" duration-ms="17277">
    <groups>
    </groups>
    <test started-at="2024-01-05T18:19:07 IST" name="Default test" finished-at="2024-01-05T18:19:24 IST" duration-ms="17277">
      <class name="EC_TestCase.TC_TimeSheet">
        <test-method is-config="true" signature="lanuchWebsite()[pri:0, instance:EC_TestCase.TC_TimeSheet@a1153bc]" started-at="2024-01-05T18:19:07 IST" name="lanuchWebsite" finished-at="2024-01-05T18:19:11 IST" duration-ms="3912" status="PASS">
          <reporter-output>
          </reporter-output>
        </test-method> <!-- lanuchWebsite -->
        <test-method signature="TimeSheet1()[pri:2, instance:EC_TestCase.TC_TimeSheet@a1153bc]" started-at="2024-01-05T18:19:11 IST" name="TimeSheet1" finished-at="2024-01-05T18:19:24 IST" duration-ms="13041" status="PASS">
          <reporter-output>
          </reporter-output>
        </test-method> <!-- TimeSheet1 -->
        <test-method is-config="true" signature="pageObject()[pri:0, instance:EC_TestCase.TC_TimeSheet@a1153bc]" started-at="2024-01-05T18:19:24 IST" name="pageObject" finished-at="2024-01-05T18:19:24 IST" duration-ms="210" status="PASS">
          <reporter-output>
          </reporter-output>
        </test-method> <!-- pageObject -->
      </class> <!-- EC_TestCase.TC_TimeSheet -->
    </test> <!-- Default test -->
  </suite> <!-- Default suite -->
</testng-results>
